{"C:\\Users\\Ivano\\Desktop\\ShitProtocol1\\Raspberry-controller\\src\\SerialHelpers.js": {"path":"C:\\Users\\Ivano\\Desktop\\ShitProtocol1\\Raspberry-controller\\src\\SerialHelpers.js","statementMap":{"0":{"start":{"line":1,"column":17},"end":{"line":1,"column":38}},"1":{"start":{"line":3,"column":30},"end":{"line":3,"column":31}},"2":{"start":{"line":4,"column":24},"end":{"line":4,"column":25}},"3":{"start":{"line":5,"column":28},"end":{"line":5,"column":29}},"4":{"start":{"line":6,"column":38},"end":{"line":6,"column":39}},"5":{"start":{"line":7,"column":36},"end":{"line":7,"column":39}},"6":{"start":{"line":8,"column":27},"end":{"line":8,"column":30}},"7":{"start":{"line":9,"column":22},"end":{"line":9,"column":25}},"8":{"start":{"line":10,"column":26},"end":{"line":10,"column":29}},"9":{"start":{"line":11,"column":24},"end":{"line":11,"column":27}},"10":{"start":{"line":12,"column":45},"end":{"line":12,"column":46}},"11":{"start":{"line":13,"column":33},"end":{"line":13,"column":34}},"12":{"start":{"line":14,"column":35},"end":{"line":14,"column":36}},"13":{"start":{"line":15,"column":27},"end":{"line":15,"column":28}},"14":{"start":{"line":17,"column":14},"end":{"line":22,"column":1}},"15":{"start":{"line":26,"column":17},"end":{"line":26,"column":18}},"16":{"start":{"line":28,"column":23},"end":{"line":28,"column":28}},"17":{"start":{"line":42,"column":2},"end":{"line":42,"column":28}},"18":{"start":{"line":43,"column":2},"end":{"line":43,"column":34}},"19":{"start":{"line":45,"column":2},"end":{"line":46,"column":13}},"20":{"start":{"line":46,"column":6},"end":{"line":46,"column":13}},"21":{"start":{"line":48,"column":2},"end":{"line":48,"column":13}},"22":{"start":{"line":52,"column":2},"end":{"line":52,"column":47}},"23":{"start":{"line":53,"column":2},"end":{"line":53,"column":57}},"24":{"start":{"line":54,"column":2},"end":{"line":54,"column":55}},"25":{"start":{"line":55,"column":2},"end":{"line":55,"column":55}},"26":{"start":{"line":56,"column":2},"end":{"line":56,"column":51}},"27":{"start":{"line":57,"column":2},"end":{"line":57,"column":53}},"28":{"start":{"line":58,"column":2},"end":{"line":58,"column":75}},"29":{"start":{"line":59,"column":2},"end":{"line":59,"column":49}},"30":{"start":{"line":63,"column":19},"end":{"line":63,"column":45}},"31":{"start":{"line":67,"column":4},"end":{"line":70,"column":7}},"32":{"start":{"line":71,"column":4},"end":{"line":71,"column":17}},"33":{"start":{"line":72,"column":4},"end":{"line":72,"column":28}},"34":{"start":{"line":76,"column":2},"end":{"line":81,"column":3}},"35":{"start":{"line":77,"column":6},"end":{"line":77,"column":53}},"36":{"start":{"line":78,"column":6},"end":{"line":78,"column":18}},"37":{"start":{"line":79,"column":6},"end":{"line":79,"column":17}},"38":{"start":{"line":80,"column":6},"end":{"line":80,"column":13}},"39":{"start":{"line":83,"column":2},"end":{"line":83,"column":59}},"40":{"start":{"line":84,"column":2},"end":{"line":88,"column":5}},"41":{"start":{"line":85,"column":4},"end":{"line":85,"column":46}},"42":{"start":{"line":86,"column":4},"end":{"line":86,"column":55}},"43":{"start":{"line":87,"column":4},"end":{"line":87,"column":28}},"44":{"start":{"line":90,"column":2},"end":{"line":92,"column":5}},"45":{"start":{"line":91,"column":4},"end":{"line":91,"column":58}},"46":{"start":{"line":94,"column":2},"end":{"line":96,"column":5}},"47":{"start":{"line":95,"column":4},"end":{"line":95,"column":16}},"48":{"start":{"line":98,"column":2},"end":{"line":99,"column":21}},"49":{"start":{"line":99,"column":4},"end":{"line":99,"column":21}},"50":{"start":{"line":103,"column":2},"end":{"line":105,"column":3}},"51":{"start":{"line":104,"column":4},"end":{"line":104,"column":30}},"52":{"start":{"line":106,"column":2},"end":{"line":108,"column":3}},"53":{"start":{"line":107,"column":4},"end":{"line":107,"column":33}},"54":{"start":{"line":109,"column":2},"end":{"line":112,"column":3}},"55":{"start":{"line":110,"column":14},"end":{"line":110,"column":34}},"56":{"start":{"line":111,"column":4},"end":{"line":111,"column":38}},"57":{"start":{"line":113,"column":2},"end":{"line":115,"column":3}},"58":{"start":{"line":114,"column":4},"end":{"line":114,"column":34}},"59":{"start":{"line":116,"column":2},"end":{"line":118,"column":3}},"60":{"start":{"line":117,"column":4},"end":{"line":117,"column":32}},"61":{"start":{"line":119,"column":2},"end":{"line":123,"column":3}},"62":{"start":{"line":120,"column":14},"end":{"line":120,"column":34}},"63":{"start":{"line":121,"column":16},"end":{"line":121,"column":23}},"64":{"start":{"line":122,"column":4},"end":{"line":122,"column":43}},"65":{"start":{"line":124,"column":2},"end":{"line":126,"column":3}},"66":{"start":{"line":125,"column":4},"end":{"line":125,"column":44}},"67":{"start":{"line":127,"column":2},"end":{"line":129,"column":3}},"68":{"start":{"line":128,"column":4},"end":{"line":128,"column":38}},"69":{"start":{"line":131,"column":2},"end":{"line":131,"column":37}},"70":{"start":{"line":136,"column":12},"end":{"line":136,"column":13}},"71":{"start":{"line":137,"column":16},"end":{"line":137,"column":18}},"72":{"start":{"line":138,"column":2},"end":{"line":141,"column":3}},"73":{"start":{"line":139,"column":4},"end":{"line":139,"column":32}},"74":{"start":{"line":140,"column":4},"end":{"line":140,"column":17}},"75":{"start":{"line":142,"column":2},"end":{"line":142,"column":13}},"76":{"start":{"line":147,"column":2},"end":{"line":149,"column":3}},"77":{"start":{"line":148,"column":4},"end":{"line":148,"column":63}},"78":{"start":{"line":153,"column":2},"end":{"line":153,"column":35}},"79":{"start":{"line":157,"column":2},"end":{"line":157,"column":71}},"80":{"start":{"line":161,"column":2},"end":{"line":161,"column":116}},"81":{"start":{"line":165,"column":2},"end":{"line":165,"column":114}},"82":{"start":{"line":169,"column":2},"end":{"line":169,"column":72}},"83":{"start":{"line":173,"column":2},"end":{"line":173,"column":68}},"84":{"start":{"line":177,"column":2},"end":{"line":177,"column":31}},"85":{"start":{"line":181,"column":2},"end":{"line":181,"column":57}},"86":{"start":{"line":185,"column":12},"end":{"line":185,"column":27}},"87":{"start":{"line":186,"column":2},"end":{"line":186,"column":27}},"88":{"start":{"line":187,"column":2},"end":{"line":187,"column":18}},"89":{"start":{"line":188,"column":2},"end":{"line":188,"column":18}},"90":{"start":{"line":189,"column":2},"end":{"line":189,"column":13}},"91":{"start":{"line":194,"column":2},"end":{"line":194,"column":42}},"92":{"start":{"line":195,"column":12},"end":{"line":195,"column":27}},"93":{"start":{"line":196,"column":2},"end":{"line":196,"column":33}},"94":{"start":{"line":197,"column":2},"end":{"line":197,"column":25}},"95":{"start":{"line":198,"column":2},"end":{"line":198,"column":18}},"96":{"start":{"line":199,"column":2},"end":{"line":199,"column":13}},"97":{"start":{"line":203,"column":12},"end":{"line":203,"column":46}},"98":{"start":{"line":204,"column":2},"end":{"line":204,"column":18}},"99":{"start":{"line":205,"column":2},"end":{"line":205,"column":13}},"100":{"start":{"line":209,"column":12},"end":{"line":209,"column":64}},"101":{"start":{"line":210,"column":2},"end":{"line":210,"column":18}},"102":{"start":{"line":211,"column":2},"end":{"line":211,"column":13}},"103":{"start":{"line":215,"column":2},"end":{"line":217,"column":3}},"104":{"start":{"line":216,"column":4},"end":{"line":216,"column":40}},"105":{"start":{"line":221,"column":12},"end":{"line":221,"column":27}},"106":{"start":{"line":222,"column":2},"end":{"line":222,"column":36}},"107":{"start":{"line":223,"column":2},"end":{"line":223,"column":36}},"108":{"start":{"line":224,"column":2},"end":{"line":224,"column":32}},"109":{"start":{"line":225,"column":2},"end":{"line":225,"column":18}},"110":{"start":{"line":226,"column":2},"end":{"line":226,"column":13}},"111":{"start":{"line":230,"column":2},"end":{"line":232,"column":3}},"112":{"start":{"line":231,"column":4},"end":{"line":231,"column":17}},"113":{"start":{"line":236,"column":12},"end":{"line":236,"column":43}},"114":{"start":{"line":237,"column":2},"end":{"line":237,"column":18}},"115":{"start":{"line":238,"column":2},"end":{"line":238,"column":13}},"116":{"start":{"line":242,"column":12},"end":{"line":242,"column":27}},"117":{"start":{"line":243,"column":2},"end":{"line":243,"column":38}},"118":{"start":{"line":244,"column":2},"end":{"line":244,"column":41}},"119":{"start":{"line":245,"column":2},"end":{"line":245,"column":38}},"120":{"start":{"line":246,"column":2},"end":{"line":246,"column":38}},"121":{"start":{"line":247,"column":2},"end":{"line":247,"column":18}},"122":{"start":{"line":248,"column":2},"end":{"line":248,"column":13}},"123":{"start":{"line":251,"column":0},"end":{"line":264,"column":1}}},"fnMap":{"0":{"name":"init","decl":{"start":{"line":41,"column":9},"end":{"line":41,"column":13}},"loc":{"start":{"line":41,"column":38},"end":{"line":49,"column":1}},"line":41},"1":{"name":"connectHandlers","decl":{"start":{"line":51,"column":9},"end":{"line":51,"column":24}},"loc":{"start":{"line":51,"column":34},"end":{"line":60,"column":1}},"line":51},"2":{"name":"openPort","decl":{"start":{"line":62,"column":9},"end":{"line":62,"column":17}},"loc":{"start":{"line":62,"column":19},"end":{"line":73,"column":1}},"line":62},"3":{"name":"onPortOpened","decl":{"start":{"line":75,"column":9},"end":{"line":75,"column":21}},"loc":{"start":{"line":75,"column":26},"end":{"line":100,"column":1}},"line":75},"4":{"name":"(anonymous_4)","decl":{"start":{"line":84,"column":17},"end":{"line":84,"column":18}},"loc":{"start":{"line":84,"column":26},"end":{"line":88,"column":3}},"line":84},"5":{"name":"(anonymous_5)","decl":{"start":{"line":90,"column":18},"end":{"line":90,"column":19}},"loc":{"start":{"line":90,"column":28},"end":{"line":92,"column":3}},"line":90},"6":{"name":"(anonymous_6)","decl":{"start":{"line":94,"column":18},"end":{"line":94,"column":19}},"loc":{"start":{"line":94,"column":28},"end":{"line":96,"column":3}},"line":94},"7":{"name":"callPacketHandler","decl":{"start":{"line":102,"column":9},"end":{"line":102,"column":26}},"loc":{"start":{"line":102,"column":32},"end":{"line":133,"column":1}},"line":102},"8":{"name":"read32bitInt","decl":{"start":{"line":135,"column":9},"end":{"line":135,"column":21}},"loc":{"start":{"line":135,"column":38},"end":{"line":143,"column":1}},"line":135},"9":{"name":"write32BitInt","decl":{"start":{"line":146,"column":9},"end":{"line":146,"column":22}},"loc":{"start":{"line":146,"column":45},"end":{"line":150,"column":1}},"line":146},"10":{"name":"isHandshakePacket","decl":{"start":{"line":152,"column":9},"end":{"line":152,"column":26}},"loc":{"start":{"line":152,"column":32},"end":{"line":154,"column":1}},"line":152},"11":{"name":"isSendResultPacket","decl":{"start":{"line":156,"column":9},"end":{"line":156,"column":27}},"loc":{"start":{"line":156,"column":33},"end":{"line":158,"column":1}},"line":156},"12":{"name":"isIDStreamStartPacket","decl":{"start":{"line":160,"column":9},"end":{"line":160,"column":30}},"loc":{"start":{"line":160,"column":36},"end":{"line":162,"column":1}},"line":160},"13":{"name":"isIDStreamEndPacket","decl":{"start":{"line":164,"column":9},"end":{"line":164,"column":28}},"loc":{"start":{"line":164,"column":34},"end":{"line":166,"column":1}},"line":164},"14":{"name":"isIDStreamValuePacket","decl":{"start":{"line":168,"column":9},"end":{"line":168,"column":30}},"loc":{"start":{"line":168,"column":36},"end":{"line":170,"column":1}},"line":168},"15":{"name":"isIDCheckRequest","decl":{"start":{"line":172,"column":9},"end":{"line":172,"column":25}},"loc":{"start":{"line":172,"column":31},"end":{"line":174,"column":1}},"line":172},"16":{"name":"isHandshakeEndPacket","decl":{"start":{"line":176,"column":9},"end":{"line":176,"column":29}},"loc":{"start":{"line":176,"column":35},"end":{"line":178,"column":1}},"line":176},"17":{"name":"isRegistrationModeEnteredPacket","decl":{"start":{"line":180,"column":9},"end":{"line":180,"column":40}},"loc":{"start":{"line":180,"column":46},"end":{"line":182,"column":1}},"line":180},"18":{"name":"answerToIDCheckRequest","decl":{"start":{"line":184,"column":9},"end":{"line":184,"column":31}},"loc":{"start":{"line":184,"column":39},"end":{"line":190,"column":1}},"line":184},"19":{"name":"sendDevicesNumberPacket","decl":{"start":{"line":193,"column":9},"end":{"line":193,"column":32}},"loc":{"start":{"line":193,"column":47},"end":{"line":200,"column":1}},"line":193},"20":{"name":"answerToHandshake","decl":{"start":{"line":202,"column":9},"end":{"line":202,"column":26}},"loc":{"start":{"line":202,"column":28},"end":{"line":206,"column":1}},"line":202},"21":{"name":"sendEntrerRegistrationModeMessage","decl":{"start":{"line":208,"column":9},"end":{"line":208,"column":42}},"loc":{"start":{"line":208,"column":44},"end":{"line":212,"column":1}},"line":208},"22":{"name":"startRegistration","decl":{"start":{"line":214,"column":9},"end":{"line":214,"column":26}},"loc":{"start":{"line":214,"column":28},"end":{"line":218,"column":1}},"line":214},"23":{"name":"sendSensorSubmissionPacket","decl":{"start":{"line":220,"column":9},"end":{"line":220,"column":35}},"loc":{"start":{"line":220,"column":58},"end":{"line":227,"column":1}},"line":220},"24":{"name":"terminate","decl":{"start":{"line":229,"column":9},"end":{"line":229,"column":18}},"loc":{"start":{"line":229,"column":20},"end":{"line":233,"column":1}},"line":229},"25":{"name":"sendResetMessage","decl":{"start":{"line":235,"column":9},"end":{"line":235,"column":25}},"loc":{"start":{"line":235,"column":27},"end":{"line":239,"column":1}},"line":235},"26":{"name":"sendLightValueChangedPacket","decl":{"start":{"line":241,"column":9},"end":{"line":241,"column":36}},"loc":{"start":{"line":241,"column":64},"end":{"line":249,"column":1}},"line":241}},"branchMap":{"0":{"loc":{"start":{"line":45,"column":2},"end":{"line":46,"column":13}},"type":"if","locations":[{"start":{"line":45,"column":2},"end":{"line":46,"column":13}},{"start":{"line":45,"column":2},"end":{"line":46,"column":13}}],"line":45},"1":{"loc":{"start":{"line":45,"column":5},"end":{"line":45,"column":32}},"type":"binary-expr","locations":[{"start":{"line":45,"column":5},"end":{"line":45,"column":17}},{"start":{"line":45,"column":21},"end":{"line":45,"column":32}}],"line":45},"2":{"loc":{"start":{"line":76,"column":2},"end":{"line":81,"column":3}},"type":"if","locations":[{"start":{"line":76,"column":2},"end":{"line":81,"column":3}},{"start":{"line":76,"column":2},"end":{"line":81,"column":3}}],"line":76},"3":{"loc":{"start":{"line":98,"column":2},"end":{"line":99,"column":21}},"type":"if","locations":[{"start":{"line":98,"column":2},"end":{"line":99,"column":21}},{"start":{"line":98,"column":2},"end":{"line":99,"column":21}}],"line":98},"4":{"loc":{"start":{"line":103,"column":2},"end":{"line":105,"column":3}},"type":"if","locations":[{"start":{"line":103,"column":2},"end":{"line":105,"column":3}},{"start":{"line":103,"column":2},"end":{"line":105,"column":3}}],"line":103},"5":{"loc":{"start":{"line":103,"column":5},"end":{"line":103,"column":48}},"type":"binary-expr","locations":[{"start":{"line":103,"column":5},"end":{"line":103,"column":28}},{"start":{"line":103,"column":32},"end":{"line":103,"column":48}}],"line":103},"6":{"loc":{"start":{"line":106,"column":2},"end":{"line":108,"column":3}},"type":"if","locations":[{"start":{"line":106,"column":2},"end":{"line":108,"column":3}},{"start":{"line":106,"column":2},"end":{"line":108,"column":3}}],"line":106},"7":{"loc":{"start":{"line":106,"column":5},"end":{"line":106,"column":54}},"type":"binary-expr","locations":[{"start":{"line":106,"column":5},"end":{"line":106,"column":31}},{"start":{"line":106,"column":35},"end":{"line":106,"column":54}}],"line":106},"8":{"loc":{"start":{"line":109,"column":2},"end":{"line":112,"column":3}},"type":"if","locations":[{"start":{"line":109,"column":2},"end":{"line":112,"column":3}},{"start":{"line":109,"column":2},"end":{"line":112,"column":3}}],"line":109},"9":{"loc":{"start":{"line":109,"column":5},"end":{"line":109,"column":52}},"type":"binary-expr","locations":[{"start":{"line":109,"column":5},"end":{"line":109,"column":27}},{"start":{"line":109,"column":31},"end":{"line":109,"column":52}}],"line":109},"10":{"loc":{"start":{"line":113,"column":2},"end":{"line":115,"column":3}},"type":"if","locations":[{"start":{"line":113,"column":2},"end":{"line":115,"column":3}},{"start":{"line":113,"column":2},"end":{"line":115,"column":3}}],"line":113},"11":{"loc":{"start":{"line":113,"column":6},"end":{"line":113,"column":57}},"type":"binary-expr","locations":[{"start":{"line":113,"column":6},"end":{"line":113,"column":33}},{"start":{"line":113,"column":37},"end":{"line":113,"column":57}}],"line":113},"12":{"loc":{"start":{"line":116,"column":2},"end":{"line":118,"column":3}},"type":"if","locations":[{"start":{"line":116,"column":2},"end":{"line":118,"column":3}},{"start":{"line":116,"column":2},"end":{"line":118,"column":3}}],"line":116},"13":{"loc":{"start":{"line":116,"column":6},"end":{"line":116,"column":53}},"type":"binary-expr","locations":[{"start":{"line":116,"column":6},"end":{"line":116,"column":31}},{"start":{"line":116,"column":35},"end":{"line":116,"column":53}}],"line":116},"14":{"loc":{"start":{"line":119,"column":2},"end":{"line":123,"column":3}},"type":"if","locations":[{"start":{"line":119,"column":2},"end":{"line":123,"column":3}},{"start":{"line":119,"column":2},"end":{"line":123,"column":3}}],"line":119},"15":{"loc":{"start":{"line":119,"column":6},"end":{"line":119,"column":57}},"type":"binary-expr","locations":[{"start":{"line":119,"column":6},"end":{"line":119,"column":33}},{"start":{"line":119,"column":37},"end":{"line":119,"column":57}}],"line":119},"16":{"loc":{"start":{"line":124,"column":2},"end":{"line":126,"column":3}},"type":"if","locations":[{"start":{"line":124,"column":2},"end":{"line":126,"column":3}},{"start":{"line":124,"column":2},"end":{"line":126,"column":3}}],"line":124},"17":{"loc":{"start":{"line":124,"column":5},"end":{"line":124,"column":76}},"type":"binary-expr","locations":[{"start":{"line":124,"column":5},"end":{"line":124,"column":42}},{"start":{"line":124,"column":46},"end":{"line":124,"column":76}}],"line":124},"18":{"loc":{"start":{"line":127,"column":2},"end":{"line":129,"column":3}},"type":"if","locations":[{"start":{"line":127,"column":2},"end":{"line":129,"column":3}},{"start":{"line":127,"column":2},"end":{"line":129,"column":3}}],"line":127},"19":{"loc":{"start":{"line":127,"column":5},"end":{"line":127,"column":50}},"type":"binary-expr","locations":[{"start":{"line":127,"column":5},"end":{"line":127,"column":29}},{"start":{"line":127,"column":33},"end":{"line":127,"column":50}}],"line":127},"20":{"loc":{"start":{"line":157,"column":9},"end":{"line":157,"column":70}},"type":"binary-expr","locations":[{"start":{"line":157,"column":9},"end":{"line":157,"column":37}},{"start":{"line":157,"column":41},"end":{"line":157,"column":70}}],"line":157},"21":{"loc":{"start":{"line":161,"column":9},"end":{"line":161,"column":115}},"type":"binary-expr","locations":[{"start":{"line":161,"column":9},"end":{"line":161,"column":37}},{"start":{"line":161,"column":41},"end":{"line":161,"column":71}},{"start":{"line":161,"column":75},"end":{"line":161,"column":115}}],"line":161},"22":{"loc":{"start":{"line":165,"column":9},"end":{"line":165,"column":113}},"type":"binary-expr","locations":[{"start":{"line":165,"column":9},"end":{"line":165,"column":37}},{"start":{"line":165,"column":41},"end":{"line":165,"column":71}},{"start":{"line":165,"column":75},"end":{"line":165,"column":113}}],"line":165},"23":{"loc":{"start":{"line":169,"column":9},"end":{"line":169,"column":71}},"type":"binary-expr","locations":[{"start":{"line":169,"column":9},"end":{"line":169,"column":37}},{"start":{"line":169,"column":41},"end":{"line":169,"column":71}}],"line":169},"24":{"loc":{"start":{"line":173,"column":9},"end":{"line":173,"column":67}},"type":"binary-expr","locations":[{"start":{"line":173,"column":9},"end":{"line":173,"column":37}},{"start":{"line":173,"column":41},"end":{"line":173,"column":67}}],"line":173},"25":{"loc":{"start":{"line":215,"column":2},"end":{"line":217,"column":3}},"type":"if","locations":[{"start":{"line":215,"column":2},"end":{"line":217,"column":3}},{"start":{"line":215,"column":2},"end":{"line":217,"column":3}}],"line":215},"26":{"loc":{"start":{"line":215,"column":5},"end":{"line":215,"column":32}},"type":"binary-expr","locations":[{"start":{"line":215,"column":5},"end":{"line":215,"column":17}},{"start":{"line":215,"column":21},"end":{"line":215,"column":32}}],"line":215},"27":{"loc":{"start":{"line":230,"column":2},"end":{"line":232,"column":3}},"type":"if","locations":[{"start":{"line":230,"column":2},"end":{"line":232,"column":3}},{"start":{"line":230,"column":2},"end":{"line":232,"column":3}}],"line":230}},"s":{"0":1,"1":1,"2":1,"3":1,"4":1,"5":1,"6":1,"7":1,"8":1,"9":1,"10":1,"11":1,"12":1,"13":1,"14":1,"15":1,"16":1,"17":8,"18":8,"19":8,"20":0,"21":8,"22":8,"23":8,"24":8,"25":8,"26":8,"27":8,"28":8,"29":8,"30":8,"31":8,"32":8,"33":8,"34":0,"35":0,"36":0,"37":0,"38":0,"39":0,"40":0,"41":0,"42":0,"43":0,"44":0,"45":0,"46":0,"47":0,"48":0,"49":0,"50":8,"51":1,"52":7,"53":1,"54":6,"55":1,"56":1,"57":5,"58":1,"59":4,"60":1,"61":3,"62":1,"63":1,"64":1,"65":2,"66":1,"67":1,"68":1,"69":0,"70":2,"71":2,"72":2,"73":8,"74":8,"75":2,"76":5,"77":20,"78":8,"79":1,"80":5,"81":4,"82":3,"83":6,"84":7,"85":2,"86":1,"87":1,"88":1,"89":1,"90":1,"91":1,"92":1,"93":1,"94":1,"95":1,"96":1,"97":1,"98":1,"99":1,"100":0,"101":0,"102":0,"103":0,"104":0,"105":1,"106":1,"107":1,"108":1,"109":1,"110":1,"111":0,"112":0,"113":1,"114":1,"115":1,"116":1,"117":1,"118":1,"119":1,"120":1,"121":1,"122":1,"123":1},"f":{"0":8,"1":8,"2":8,"3":0,"4":0,"5":0,"6":0,"7":8,"8":2,"9":5,"10":8,"11":1,"12":5,"13":4,"14":3,"15":6,"16":7,"17":2,"18":1,"19":1,"20":1,"21":0,"22":0,"23":1,"24":0,"25":1,"26":1},"b":{"0":[0,8],"1":[8,7],"2":[0,0],"3":[0,0],"4":[1,7],"5":[8,1],"6":[1,6],"7":[7,1],"8":[1,5],"9":[6,1],"10":[1,4],"11":[5,1],"12":[1,3],"13":[4,1],"14":[1,2],"15":[3,1],"16":[1,1],"17":[2,1],"18":[1,0],"19":[1,1],"20":[1,1],"21":[5,3,2],"22":[4,2,1],"23":[3,1],"24":[6,1],"25":[0,0],"26":[0,0],"27":[0,0]},"_coverageSchema":"332fd63041d2c1bcb487cc26dd0d5f7d97098a6c","hash":"104e7da7982f954d801f0180588f56b9759f5f6e"}
}
