{"C:\\Users\\Ivano\\Desktop\\ShitProtocol1\\Raspberry-controller\\src\\SerialHelpers.js":{"path":"C:\\Users\\Ivano\\Desktop\\ShitProtocol1\\Raspberry-controller\\src\\SerialHelpers.js","s":{"1":1,"2":1,"3":1,"4":1,"5":1,"6":1,"7":1,"8":1,"9":1,"10":1,"11":1,"12":1,"13":1,"14":1,"15":1,"16":1,"17":1,"18":1,"19":1,"20":1,"21":1,"22":1,"23":1,"24":1,"25":1,"26":1,"27":1,"28":1,"29":11,"30":11,"31":11,"32":0,"33":11,"34":1,"35":11,"36":11,"37":11,"38":11,"39":11,"40":11,"41":11,"42":11,"43":1,"44":20,"45":20,"46":20,"47":20,"48":1,"49":20,"50":10,"51":10,"52":10,"53":9,"54":10,"55":10,"56":10,"57":0,"58":0,"59":0,"60":10,"61":0,"62":10,"63":0,"64":10,"65":1,"66":1,"67":8,"68":1,"69":7,"70":1,"71":6,"72":1,"73":1,"74":5,"75":1,"76":4,"77":1,"78":3,"79":1,"80":1,"81":1,"82":2,"83":1,"84":1,"85":1,"86":0,"87":1,"88":2,"89":2,"90":2,"91":8,"92":8,"93":2,"94":1,"95":5,"96":20,"97":1,"98":8,"99":1,"100":1,"101":1,"102":5,"103":1,"104":4,"105":1,"106":3,"107":1,"108":6,"109":1,"110":7,"111":1,"112":2,"113":1,"114":1,"115":1,"116":1,"117":1,"118":1,"119":1,"120":1,"121":1,"122":1,"123":1,"124":1,"125":1,"126":1,"127":1,"128":1,"129":1,"130":0,"131":0,"132":0,"133":1,"134":0,"135":0,"136":1,"137":1,"138":1,"139":1,"140":1,"141":1,"142":1,"143":1,"144":0,"145":0,"146":1,"147":1,"148":1,"149":1,"150":1,"151":1,"152":1,"153":1,"154":1,"155":1,"156":1,"157":1,"158":1},"b":{"1":[0,11],"2":[11,10],"3":[10,10],"4":[9,1],"5":[1,9],"6":[1,7],"7":[8,1],"8":[1,6],"9":[7,1],"10":[1,5],"11":[6,1],"12":[1,4],"13":[5,1],"14":[1,3],"15":[4,1],"16":[1,2],"17":[3,1],"18":[1,1],"19":[2,1],"20":[1,0],"21":[1,1],"22":[1,1],"23":[5,3,2],"24":[4,2,1],"25":[3,1],"26":[6,1],"27":[0,0],"28":[0,0],"29":[0,0]},"f":{"1":11,"2":11,"3":20,"4":20,"5":8,"6":2,"7":5,"8":8,"9":1,"10":5,"11":4,"12":3,"13":6,"14":7,"15":2,"16":1,"17":1,"18":1,"19":0,"20":0,"21":1,"22":0,"23":1,"24":1},"fnMap":{"1":{"name":"init","line":41,"loc":{"start":{"line":41,"column":0},"end":{"line":41,"column":38}}},"2":{"name":"connectHandlers","line":51,"loc":{"start":{"line":51,"column":0},"end":{"line":51,"column":34}}},"3":{"name":"openPort","line":62,"loc":{"start":{"line":62,"column":0},"end":{"line":62,"column":19}}},"4":{"name":"onPortOpened","line":75,"loc":{"start":{"line":75,"column":0},"end":{"line":75,"column":26}}},"5":{"name":"callPacketHandler","line":103,"loc":{"start":{"line":103,"column":0},"end":{"line":103,"column":32}}},"6":{"name":"read32bitInt","line":136,"loc":{"start":{"line":136,"column":0},"end":{"line":136,"column":38}}},"7":{"name":"write32BitInt","line":147,"loc":{"start":{"line":147,"column":0},"end":{"line":147,"column":45}}},"8":{"name":"isHandshakePacket","line":153,"loc":{"start":{"line":153,"column":0},"end":{"line":153,"column":32}}},"9":{"name":"isSendResultPacket","line":157,"loc":{"start":{"line":157,"column":0},"end":{"line":157,"column":33}}},"10":{"name":"isIDStreamStartPacket","line":161,"loc":{"start":{"line":161,"column":0},"end":{"line":161,"column":36}}},"11":{"name":"isIDStreamEndPacket","line":165,"loc":{"start":{"line":165,"column":0},"end":{"line":165,"column":34}}},"12":{"name":"isIDStreamValuePacket","line":169,"loc":{"start":{"line":169,"column":0},"end":{"line":169,"column":36}}},"13":{"name":"isIDCheckRequest","line":173,"loc":{"start":{"line":173,"column":0},"end":{"line":173,"column":31}}},"14":{"name":"isHandshakeEndPacket","line":177,"loc":{"start":{"line":177,"column":0},"end":{"line":177,"column":35}}},"15":{"name":"isRegistrationModeEnteredPacket","line":181,"loc":{"start":{"line":181,"column":0},"end":{"line":181,"column":46}}},"16":{"name":"answerToIDCheckRequest","line":185,"loc":{"start":{"line":185,"column":0},"end":{"line":185,"column":39}}},"17":{"name":"sendDevicesNumberPacket","line":194,"loc":{"start":{"line":194,"column":0},"end":{"line":194,"column":47}}},"18":{"name":"answerToHandshake","line":203,"loc":{"start":{"line":203,"column":0},"end":{"line":203,"column":28}}},"19":{"name":"sendEntrerRegistrationModeMessage","line":209,"loc":{"start":{"line":209,"column":0},"end":{"line":209,"column":44}}},"20":{"name":"startRegistration","line":215,"loc":{"start":{"line":215,"column":0},"end":{"line":215,"column":28}}},"21":{"name":"sendSensorSubmissionPacket","line":221,"loc":{"start":{"line":221,"column":0},"end":{"line":221,"column":58}}},"22":{"name":"terminate","line":230,"loc":{"start":{"line":230,"column":0},"end":{"line":230,"column":20}}},"23":{"name":"sendResetMessage","line":236,"loc":{"start":{"line":236,"column":0},"end":{"line":236,"column":27}}},"24":{"name":"sendLightValueChangedPacket","line":242,"loc":{"start":{"line":242,"column":0},"end":{"line":242,"column":64}}}},"statementMap":{"1":{"start":{"line":1,"column":0},"end":{"line":1,"column":39}},"2":{"start":{"line":3,"column":0},"end":{"line":3,"column":32}},"3":{"start":{"line":4,"column":0},"end":{"line":4,"column":26}},"4":{"start":{"line":5,"column":0},"end":{"line":5,"column":30}},"5":{"start":{"line":6,"column":0},"end":{"line":6,"column":40}},"6":{"start":{"line":7,"column":0},"end":{"line":7,"column":40}},"7":{"start":{"line":8,"column":0},"end":{"line":8,"column":31}},"8":{"start":{"line":9,"column":0},"end":{"line":9,"column":26}},"9":{"start":{"line":10,"column":0},"end":{"line":10,"column":30}},"10":{"start":{"line":11,"column":0},"end":{"line":11,"column":28}},"11":{"start":{"line":12,"column":0},"end":{"line":12,"column":47}},"12":{"start":{"line":13,"column":0},"end":{"line":13,"column":35}},"13":{"start":{"line":14,"column":0},"end":{"line":14,"column":37}},"14":{"start":{"line":15,"column":0},"end":{"line":15,"column":29}},"15":{"start":{"line":17,"column":0},"end":{"line":22,"column":1}},"16":{"start":{"line":24,"column":0},"end":{"line":24,"column":9}},"17":{"start":{"line":26,"column":0},"end":{"line":26,"column":19}},"18":{"start":{"line":28,"column":0},"end":{"line":28,"column":29}},"19":{"start":{"line":30,"column":0},"end":{"line":30,"column":21}},"20":{"start":{"line":31,"column":0},"end":{"line":31,"column":24}},"21":{"start":{"line":32,"column":0},"end":{"line":32,"column":26}},"22":{"start":{"line":33,"column":0},"end":{"line":33,"column":25}},"23":{"start":{"line":34,"column":0},"end":{"line":34,"column":25}},"24":{"start":{"line":35,"column":0},"end":{"line":35,"column":23}},"25":{"start":{"line":36,"column":0},"end":{"line":36,"column":35}},"26":{"start":{"line":37,"column":0},"end":{"line":37,"column":22}},"27":{"start":{"line":39,"column":0},"end":{"line":39,"column":19}},"28":{"start":{"line":41,"column":0},"end":{"line":49,"column":1}},"29":{"start":{"line":42,"column":2},"end":{"line":42,"column":28}},"30":{"start":{"line":43,"column":2},"end":{"line":43,"column":34}},"31":{"start":{"line":45,"column":2},"end":{"line":46,"column":13}},"32":{"start":{"line":46,"column":6},"end":{"line":46,"column":13}},"33":{"start":{"line":48,"column":2},"end":{"line":48,"column":13}},"34":{"start":{"line":51,"column":0},"end":{"line":60,"column":1}},"35":{"start":{"line":52,"column":2},"end":{"line":52,"column":47}},"36":{"start":{"line":53,"column":2},"end":{"line":53,"column":57}},"37":{"start":{"line":54,"column":2},"end":{"line":54,"column":55}},"38":{"start":{"line":55,"column":2},"end":{"line":55,"column":55}},"39":{"start":{"line":56,"column":2},"end":{"line":56,"column":51}},"40":{"start":{"line":57,"column":2},"end":{"line":57,"column":53}},"41":{"start":{"line":58,"column":2},"end":{"line":58,"column":75}},"42":{"start":{"line":59,"column":2},"end":{"line":59,"column":49}},"43":{"start":{"line":62,"column":0},"end":{"line":73,"column":1}},"44":{"start":{"line":63,"column":4},"end":{"line":63,"column":46}},"45":{"start":{"line":67,"column":4},"end":{"line":70,"column":7}},"46":{"start":{"line":71,"column":4},"end":{"line":71,"column":17}},"47":{"start":{"line":72,"column":4},"end":{"line":72,"column":28}},"48":{"start":{"line":75,"column":0},"end":{"line":101,"column":1}},"49":{"start":{"line":76,"column":2},"end":{"line":82,"column":3}},"50":{"start":{"line":77,"column":6},"end":{"line":77,"column":53}},"51":{"start":{"line":78,"column":6},"end":{"line":78,"column":18}},"52":{"start":{"line":79,"column":6},"end":{"line":80,"column":19}},"53":{"start":{"line":80,"column":8},"end":{"line":80,"column":19}},"54":{"start":{"line":81,"column":6},"end":{"line":81,"column":13}},"55":{"start":{"line":84,"column":2},"end":{"line":84,"column":59}},"56":{"start":{"line":85,"column":2},"end":{"line":89,"column":5}},"57":{"start":{"line":86,"column":4},"end":{"line":86,"column":46}},"58":{"start":{"line":87,"column":4},"end":{"line":87,"column":55}},"59":{"start":{"line":88,"column":4},"end":{"line":88,"column":28}},"60":{"start":{"line":91,"column":2},"end":{"line":93,"column":5}},"61":{"start":{"line":92,"column":4},"end":{"line":92,"column":58}},"62":{"start":{"line":95,"column":2},"end":{"line":97,"column":5}},"63":{"start":{"line":96,"column":4},"end":{"line":96,"column":16}},"64":{"start":{"line":99,"column":2},"end":{"line":100,"column":21}},"65":{"start":{"line":100,"column":4},"end":{"line":100,"column":21}},"66":{"start":{"line":103,"column":0},"end":{"line":134,"column":1}},"67":{"start":{"line":104,"column":2},"end":{"line":106,"column":3}},"68":{"start":{"line":105,"column":4},"end":{"line":105,"column":30}},"69":{"start":{"line":107,"column":2},"end":{"line":109,"column":3}},"70":{"start":{"line":108,"column":4},"end":{"line":108,"column":33}},"71":{"start":{"line":110,"column":2},"end":{"line":113,"column":3}},"72":{"start":{"line":111,"column":4},"end":{"line":111,"column":35}},"73":{"start":{"line":112,"column":4},"end":{"line":112,"column":38}},"74":{"start":{"line":114,"column":2},"end":{"line":116,"column":3}},"75":{"start":{"line":115,"column":4},"end":{"line":115,"column":34}},"76":{"start":{"line":117,"column":2},"end":{"line":119,"column":3}},"77":{"start":{"line":118,"column":4},"end":{"line":118,"column":32}},"78":{"start":{"line":120,"column":2},"end":{"line":124,"column":3}},"79":{"start":{"line":121,"column":4},"end":{"line":121,"column":35}},"80":{"start":{"line":122,"column":4},"end":{"line":122,"column":24}},"81":{"start":{"line":123,"column":4},"end":{"line":123,"column":43}},"82":{"start":{"line":125,"column":2},"end":{"line":127,"column":3}},"83":{"start":{"line":126,"column":4},"end":{"line":126,"column":44}},"84":{"start":{"line":128,"column":2},"end":{"line":130,"column":3}},"85":{"start":{"line":129,"column":4},"end":{"line":129,"column":38}},"86":{"start":{"line":132,"column":2},"end":{"line":132,"column":37}},"87":{"start":{"line":136,"column":0},"end":{"line":144,"column":1}},"88":{"start":{"line":137,"column":2},"end":{"line":137,"column":14}},"89":{"start":{"line":138,"column":2},"end":{"line":138,"column":19}},"90":{"start":{"line":139,"column":2},"end":{"line":142,"column":3}},"91":{"start":{"line":140,"column":4},"end":{"line":140,"column":32}},"92":{"start":{"line":141,"column":4},"end":{"line":141,"column":17}},"93":{"start":{"line":143,"column":2},"end":{"line":143,"column":13}},"94":{"start":{"line":147,"column":0},"end":{"line":151,"column":1}},"95":{"start":{"line":148,"column":2},"end":{"line":150,"column":3}},"96":{"start":{"line":149,"column":4},"end":{"line":149,"column":63}},"97":{"start":{"line":153,"column":0},"end":{"line":155,"column":1}},"98":{"start":{"line":154,"column":2},"end":{"line":154,"column":35}},"99":{"start":{"line":157,"column":0},"end":{"line":159,"column":1}},"100":{"start":{"line":158,"column":2},"end":{"line":158,"column":71}},"101":{"start":{"line":161,"column":0},"end":{"line":163,"column":1}},"102":{"start":{"line":162,"column":2},"end":{"line":162,"column":116}},"103":{"start":{"line":165,"column":0},"end":{"line":167,"column":1}},"104":{"start":{"line":166,"column":2},"end":{"line":166,"column":114}},"105":{"start":{"line":169,"column":0},"end":{"line":171,"column":1}},"106":{"start":{"line":170,"column":2},"end":{"line":170,"column":72}},"107":{"start":{"line":173,"column":0},"end":{"line":175,"column":1}},"108":{"start":{"line":174,"column":2},"end":{"line":174,"column":68}},"109":{"start":{"line":177,"column":0},"end":{"line":179,"column":1}},"110":{"start":{"line":178,"column":2},"end":{"line":178,"column":31}},"111":{"start":{"line":181,"column":0},"end":{"line":183,"column":1}},"112":{"start":{"line":182,"column":2},"end":{"line":182,"column":57}},"113":{"start":{"line":185,"column":0},"end":{"line":191,"column":1}},"114":{"start":{"line":186,"column":2},"end":{"line":186,"column":28}},"115":{"start":{"line":187,"column":2},"end":{"line":187,"column":27}},"116":{"start":{"line":188,"column":2},"end":{"line":188,"column":18}},"117":{"start":{"line":189,"column":2},"end":{"line":189,"column":18}},"118":{"start":{"line":190,"column":2},"end":{"line":190,"column":13}},"119":{"start":{"line":194,"column":0},"end":{"line":201,"column":1}},"120":{"start":{"line":196,"column":2},"end":{"line":196,"column":28}},"121":{"start":{"line":197,"column":2},"end":{"line":197,"column":33}},"122":{"start":{"line":198,"column":2},"end":{"line":198,"column":25}},"123":{"start":{"line":199,"column":2},"end":{"line":199,"column":18}},"124":{"start":{"line":200,"column":2},"end":{"line":200,"column":13}},"125":{"start":{"line":203,"column":0},"end":{"line":207,"column":1}},"126":{"start":{"line":204,"column":2},"end":{"line":204,"column":47}},"127":{"start":{"line":205,"column":2},"end":{"line":205,"column":18}},"128":{"start":{"line":206,"column":2},"end":{"line":206,"column":13}},"129":{"start":{"line":209,"column":0},"end":{"line":213,"column":1}},"130":{"start":{"line":210,"column":2},"end":{"line":210,"column":65}},"131":{"start":{"line":211,"column":2},"end":{"line":211,"column":18}},"132":{"start":{"line":212,"column":2},"end":{"line":212,"column":13}},"133":{"start":{"line":215,"column":0},"end":{"line":219,"column":1}},"134":{"start":{"line":216,"column":2},"end":{"line":218,"column":3}},"135":{"start":{"line":217,"column":4},"end":{"line":217,"column":40}},"136":{"start":{"line":221,"column":0},"end":{"line":228,"column":1}},"137":{"start":{"line":222,"column":2},"end":{"line":222,"column":28}},"138":{"start":{"line":223,"column":2},"end":{"line":223,"column":36}},"139":{"start":{"line":224,"column":2},"end":{"line":224,"column":36}},"140":{"start":{"line":225,"column":2},"end":{"line":225,"column":32}},"141":{"start":{"line":226,"column":2},"end":{"line":226,"column":18}},"142":{"start":{"line":227,"column":2},"end":{"line":227,"column":13}},"143":{"start":{"line":230,"column":0},"end":{"line":234,"column":1}},"144":{"start":{"line":231,"column":2},"end":{"line":233,"column":3}},"145":{"start":{"line":232,"column":4},"end":{"line":232,"column":17}},"146":{"start":{"line":236,"column":0},"end":{"line":240,"column":1}},"147":{"start":{"line":237,"column":2},"end":{"line":237,"column":44}},"148":{"start":{"line":238,"column":2},"end":{"line":238,"column":18}},"149":{"start":{"line":239,"column":2},"end":{"line":239,"column":13}},"150":{"start":{"line":242,"column":0},"end":{"line":250,"column":1}},"151":{"start":{"line":243,"column":2},"end":{"line":243,"column":28}},"152":{"start":{"line":244,"column":2},"end":{"line":244,"column":38}},"153":{"start":{"line":245,"column":2},"end":{"line":245,"column":41}},"154":{"start":{"line":246,"column":2},"end":{"line":246,"column":38}},"155":{"start":{"line":247,"column":2},"end":{"line":247,"column":38}},"156":{"start":{"line":248,"column":2},"end":{"line":248,"column":18}},"157":{"start":{"line":249,"column":2},"end":{"line":249,"column":13}},"158":{"start":{"line":252,"column":0},"end":{"line":265,"column":1}}},"branchMap":{"1":{"line":45,"type":"if","locations":[{"start":{"line":45,"column":2},"end":{"line":45,"column":2}},{"start":{"line":45,"column":2},"end":{"line":45,"column":2}}]},"2":{"line":45,"type":"binary-expr","locations":[{"start":{"line":45,"column":5},"end":{"line":45,"column":17}},{"start":{"line":45,"column":21},"end":{"line":45,"column":32}}]},"3":{"line":76,"type":"if","locations":[{"start":{"line":76,"column":2},"end":{"line":76,"column":2}},{"start":{"line":76,"column":2},"end":{"line":76,"column":2}}]},"4":{"line":79,"type":"if","locations":[{"start":{"line":79,"column":6},"end":{"line":79,"column":6}},{"start":{"line":79,"column":6},"end":{"line":79,"column":6}}]},"5":{"line":99,"type":"if","locations":[{"start":{"line":99,"column":2},"end":{"line":99,"column":2}},{"start":{"line":99,"column":2},"end":{"line":99,"column":2}}]},"6":{"line":104,"type":"if","locations":[{"start":{"line":104,"column":2},"end":{"line":104,"column":2}},{"start":{"line":104,"column":2},"end":{"line":104,"column":2}}]},"7":{"line":104,"type":"binary-expr","locations":[{"start":{"line":104,"column":5},"end":{"line":104,"column":28}},{"start":{"line":104,"column":32},"end":{"line":104,"column":48}}]},"8":{"line":107,"type":"if","locations":[{"start":{"line":107,"column":2},"end":{"line":107,"column":2}},{"start":{"line":107,"column":2},"end":{"line":107,"column":2}}]},"9":{"line":107,"type":"binary-expr","locations":[{"start":{"line":107,"column":5},"end":{"line":107,"column":31}},{"start":{"line":107,"column":35},"end":{"line":107,"column":54}}]},"10":{"line":110,"type":"if","locations":[{"start":{"line":110,"column":2},"end":{"line":110,"column":2}},{"start":{"line":110,"column":2},"end":{"line":110,"column":2}}]},"11":{"line":110,"type":"binary-expr","locations":[{"start":{"line":110,"column":5},"end":{"line":110,"column":27}},{"start":{"line":110,"column":31},"end":{"line":110,"column":52}}]},"12":{"line":114,"type":"if","locations":[{"start":{"line":114,"column":2},"end":{"line":114,"column":2}},{"start":{"line":114,"column":2},"end":{"line":114,"column":2}}]},"13":{"line":114,"type":"binary-expr","locations":[{"start":{"line":114,"column":6},"end":{"line":114,"column":33}},{"start":{"line":114,"column":37},"end":{"line":114,"column":57}}]},"14":{"line":117,"type":"if","locations":[{"start":{"line":117,"column":2},"end":{"line":117,"column":2}},{"start":{"line":117,"column":2},"end":{"line":117,"column":2}}]},"15":{"line":117,"type":"binary-expr","locations":[{"start":{"line":117,"column":6},"end":{"line":117,"column":31}},{"start":{"line":117,"column":35},"end":{"line":117,"column":53}}]},"16":{"line":120,"type":"if","locations":[{"start":{"line":120,"column":2},"end":{"line":120,"column":2}},{"start":{"line":120,"column":2},"end":{"line":120,"column":2}}]},"17":{"line":120,"type":"binary-expr","locations":[{"start":{"line":120,"column":6},"end":{"line":120,"column":33}},{"start":{"line":120,"column":37},"end":{"line":120,"column":57}}]},"18":{"line":125,"type":"if","locations":[{"start":{"line":125,"column":2},"end":{"line":125,"column":2}},{"start":{"line":125,"column":2},"end":{"line":125,"column":2}}]},"19":{"line":125,"type":"binary-expr","locations":[{"start":{"line":125,"column":5},"end":{"line":125,"column":42}},{"start":{"line":125,"column":46},"end":{"line":125,"column":76}}]},"20":{"line":128,"type":"if","locations":[{"start":{"line":128,"column":2},"end":{"line":128,"column":2}},{"start":{"line":128,"column":2},"end":{"line":128,"column":2}}]},"21":{"line":128,"type":"binary-expr","locations":[{"start":{"line":128,"column":5},"end":{"line":128,"column":29}},{"start":{"line":128,"column":33},"end":{"line":128,"column":50}}]},"22":{"line":158,"type":"binary-expr","locations":[{"start":{"line":158,"column":9},"end":{"line":158,"column":37}},{"start":{"line":158,"column":41},"end":{"line":158,"column":70}}]},"23":{"line":162,"type":"binary-expr","locations":[{"start":{"line":162,"column":9},"end":{"line":162,"column":37}},{"start":{"line":162,"column":41},"end":{"line":162,"column":71}},{"start":{"line":162,"column":75},"end":{"line":162,"column":115}}]},"24":{"line":166,"type":"binary-expr","locations":[{"start":{"line":166,"column":9},"end":{"line":166,"column":37}},{"start":{"line":166,"column":41},"end":{"line":166,"column":71}},{"start":{"line":166,"column":75},"end":{"line":166,"column":113}}]},"25":{"line":170,"type":"binary-expr","locations":[{"start":{"line":170,"column":9},"end":{"line":170,"column":37}},{"start":{"line":170,"column":41},"end":{"line":170,"column":71}}]},"26":{"line":174,"type":"binary-expr","locations":[{"start":{"line":174,"column":9},"end":{"line":174,"column":37}},{"start":{"line":174,"column":41},"end":{"line":174,"column":67}}]},"27":{"line":216,"type":"if","locations":[{"start":{"line":216,"column":2},"end":{"line":216,"column":2}},{"start":{"line":216,"column":2},"end":{"line":216,"column":2}}]},"28":{"line":216,"type":"binary-expr","locations":[{"start":{"line":216,"column":5},"end":{"line":216,"column":17}},{"start":{"line":216,"column":21},"end":{"line":216,"column":32}}]},"29":{"line":231,"type":"if","locations":[{"start":{"line":231,"column":2},"end":{"line":231,"column":2}},{"start":{"line":231,"column":2},"end":{"line":231,"column":2}}]}}}}