TN:
SF:C:\Users\Ivano\Desktop\ShitProtocol1\Raspberry-controller\src\SerialHelpers.js
FN:41,init
FN:51,connectHandlers
FN:62,openPort
FN:75,onPortOpened
FN:103,callPacketHandler
FN:136,read32bitInt
FN:147,write32BitInt
FN:153,isHandshakePacket
FN:157,isSendResultPacket
FN:161,isIDStreamStartPacket
FN:165,isIDStreamEndPacket
FN:169,isIDStreamValuePacket
FN:173,isIDCheckRequest
FN:177,isHandshakeEndPacket
FN:181,isRegistrationModeEnteredPacket
FN:185,answerToIDCheckRequest
FN:194,sendDevicesNumberPacket
FN:203,answerToHandshake
FN:209,sendEntrerRegistrationModeMessage
FN:215,startRegistration
FN:221,sendSensorSubmissionPacket
FN:230,terminate
FN:236,sendResetMessage
FN:242,sendLightValueChangedPacket
FNF:24
FNH:21
FNDA:11,init
FNDA:11,connectHandlers
FNDA:20,openPort
FNDA:20,onPortOpened
FNDA:8,callPacketHandler
FNDA:2,read32bitInt
FNDA:5,write32BitInt
FNDA:8,isHandshakePacket
FNDA:1,isSendResultPacket
FNDA:5,isIDStreamStartPacket
FNDA:4,isIDStreamEndPacket
FNDA:3,isIDStreamValuePacket
FNDA:6,isIDCheckRequest
FNDA:7,isHandshakeEndPacket
FNDA:2,isRegistrationModeEnteredPacket
FNDA:1,answerToIDCheckRequest
FNDA:1,sendDevicesNumberPacket
FNDA:1,answerToHandshake
FNDA:0,sendEntrerRegistrationModeMessage
FNDA:0,startRegistration
FNDA:1,sendSensorSubmissionPacket
FNDA:0,terminate
FNDA:1,sendResetMessage
FNDA:1,sendLightValueChangedPacket
DA:1,1
DA:3,1
DA:4,1
DA:5,1
DA:6,1
DA:7,1
DA:8,1
DA:9,1
DA:10,1
DA:11,1
DA:12,1
DA:13,1
DA:14,1
DA:15,1
DA:17,1
DA:24,1
DA:26,1
DA:28,1
DA:30,1
DA:31,1
DA:32,1
DA:33,1
DA:34,1
DA:35,1
DA:36,1
DA:37,1
DA:39,1
DA:41,1
DA:42,11
DA:43,11
DA:45,11
DA:46,0
DA:48,11
DA:51,1
DA:52,11
DA:53,11
DA:54,11
DA:55,11
DA:56,11
DA:57,11
DA:58,11
DA:59,11
DA:62,1
DA:63,20
DA:67,20
DA:71,20
DA:72,20
DA:75,1
DA:76,20
DA:77,10
DA:78,10
DA:79,10
DA:80,9
DA:81,10
DA:84,10
DA:85,10
DA:86,0
DA:87,0
DA:88,0
DA:91,10
DA:92,0
DA:95,10
DA:96,0
DA:99,10
DA:100,1
DA:103,1
DA:104,8
DA:105,1
DA:107,7
DA:108,1
DA:110,6
DA:111,1
DA:112,1
DA:114,5
DA:115,1
DA:117,4
DA:118,1
DA:120,3
DA:121,1
DA:122,1
DA:123,1
DA:125,2
DA:126,1
DA:128,1
DA:129,1
DA:132,0
DA:136,1
DA:137,2
DA:138,2
DA:139,2
DA:140,8
DA:141,8
DA:143,2
DA:147,1
DA:148,5
DA:149,20
DA:153,1
DA:154,8
DA:157,1
DA:158,1
DA:161,1
DA:162,5
DA:165,1
DA:166,4
DA:169,1
DA:170,3
DA:173,1
DA:174,6
DA:177,1
DA:178,7
DA:181,1
DA:182,2
DA:185,1
DA:186,1
DA:187,1
DA:188,1
DA:189,1
DA:190,1
DA:194,1
DA:196,1
DA:197,1
DA:198,1
DA:199,1
DA:200,1
DA:203,1
DA:204,1
DA:205,1
DA:206,1
DA:209,1
DA:210,0
DA:211,0
DA:212,0
DA:215,1
DA:216,0
DA:217,0
DA:221,1
DA:222,1
DA:223,1
DA:224,1
DA:225,1
DA:226,1
DA:227,1
DA:230,1
DA:231,0
DA:232,0
DA:236,1
DA:237,1
DA:238,1
DA:239,1
DA:242,1
DA:243,1
DA:244,1
DA:245,1
DA:246,1
DA:247,1
DA:248,1
DA:249,1
DA:252,1
LF:158
LH:144
BRDA:45,1,0,0
BRDA:45,1,1,11
BRDA:45,2,0,11
BRDA:45,2,1,10
BRDA:76,3,0,10
BRDA:76,3,1,10
BRDA:79,4,0,9
BRDA:79,4,1,1
BRDA:99,5,0,1
BRDA:99,5,1,9
BRDA:104,6,0,1
BRDA:104,6,1,7
BRDA:104,7,0,8
BRDA:104,7,1,1
BRDA:107,8,0,1
BRDA:107,8,1,6
BRDA:107,9,0,7
BRDA:107,9,1,1
BRDA:110,10,0,1
BRDA:110,10,1,5
BRDA:110,11,0,6
BRDA:110,11,1,1
BRDA:114,12,0,1
BRDA:114,12,1,4
BRDA:114,13,0,5
BRDA:114,13,1,1
BRDA:117,14,0,1
BRDA:117,14,1,3
BRDA:117,15,0,4
BRDA:117,15,1,1
BRDA:120,16,0,1
BRDA:120,16,1,2
BRDA:120,17,0,3
BRDA:120,17,1,1
BRDA:125,18,0,1
BRDA:125,18,1,1
BRDA:125,19,0,2
BRDA:125,19,1,1
BRDA:128,20,0,1
BRDA:128,20,1,0
BRDA:128,21,0,1
BRDA:128,21,1,1
BRDA:158,22,0,1
BRDA:158,22,1,1
BRDA:162,23,0,5
BRDA:162,23,1,3
BRDA:162,23,2,2
BRDA:166,24,0,4
BRDA:166,24,1,2
BRDA:166,24,2,1
BRDA:170,25,0,3
BRDA:170,25,1,1
BRDA:174,26,0,6
BRDA:174,26,1,1
BRDA:216,27,0,0
BRDA:216,27,1,0
BRDA:216,28,0,0
BRDA:216,28,1,0
BRDA:231,29,0,0
BRDA:231,29,1,0
BRF:60
BRH:52
end_of_record
