TN:
SF:C:\Users\Ivano\Desktop\ShitProtocol1\Raspberry-controller\src\SerialHelpers.js
FN:41,init
FN:51,connectHandlers
FN:62,openPort
FN:75,onPortOpened
FN:84,(anonymous_4)
FN:90,(anonymous_5)
FN:94,(anonymous_6)
FN:102,callPacketHandler
FN:135,read32bitInt
FN:146,write32BitInt
FN:152,isHandshakePacket
FN:156,isSendResultPacket
FN:160,isIDStreamStartPacket
FN:164,isIDStreamEndPacket
FN:168,isIDStreamValuePacket
FN:172,isIDCheckRequest
FN:176,isHandshakeEndPacket
FN:180,isRegistrationModeEnteredPacket
FN:184,answerToIDCheckRequest
FN:193,sendDevicesNumberPacket
FN:202,answerToHandshake
FN:208,sendEntrerRegistrationModeMessage
FN:214,startRegistration
FN:220,sendSensorSubmissionPacket
FN:229,terminate
FN:235,sendResetMessage
FN:241,sendLightValueChangedPacket
FNF:27
FNH:20
FNDA:8,init
FNDA:8,connectHandlers
FNDA:8,openPort
FNDA:0,onPortOpened
FNDA:0,(anonymous_4)
FNDA:0,(anonymous_5)
FNDA:0,(anonymous_6)
FNDA:8,callPacketHandler
FNDA:2,read32bitInt
FNDA:5,write32BitInt
FNDA:8,isHandshakePacket
FNDA:1,isSendResultPacket
FNDA:5,isIDStreamStartPacket
FNDA:4,isIDStreamEndPacket
FNDA:3,isIDStreamValuePacket
FNDA:6,isIDCheckRequest
FNDA:7,isHandshakeEndPacket
FNDA:2,isRegistrationModeEnteredPacket
FNDA:1,answerToIDCheckRequest
FNDA:1,sendDevicesNumberPacket
FNDA:1,answerToHandshake
FNDA:0,sendEntrerRegistrationModeMessage
FNDA:0,startRegistration
FNDA:1,sendSensorSubmissionPacket
FNDA:0,terminate
FNDA:1,sendResetMessage
FNDA:1,sendLightValueChangedPacket
DA:1,1
DA:3,1
DA:4,1
DA:5,1
DA:6,1
DA:7,1
DA:8,1
DA:9,1
DA:10,1
DA:11,1
DA:12,1
DA:13,1
DA:14,1
DA:15,1
DA:17,1
DA:26,1
DA:28,1
DA:42,8
DA:43,8
DA:45,8
DA:46,0
DA:48,8
DA:52,8
DA:53,8
DA:54,8
DA:55,8
DA:56,8
DA:57,8
DA:58,8
DA:59,8
DA:63,8
DA:67,8
DA:71,8
DA:72,8
DA:76,0
DA:77,0
DA:78,0
DA:79,0
DA:80,0
DA:83,0
DA:84,0
DA:85,0
DA:86,0
DA:87,0
DA:90,0
DA:91,0
DA:94,0
DA:95,0
DA:98,0
DA:99,0
DA:103,8
DA:104,1
DA:106,7
DA:107,1
DA:109,6
DA:110,1
DA:111,1
DA:113,5
DA:114,1
DA:116,4
DA:117,1
DA:119,3
DA:120,1
DA:121,1
DA:122,1
DA:124,2
DA:125,1
DA:127,1
DA:128,1
DA:131,0
DA:136,2
DA:137,2
DA:138,2
DA:139,8
DA:140,8
DA:142,2
DA:147,5
DA:148,20
DA:153,8
DA:157,1
DA:161,5
DA:165,4
DA:169,3
DA:173,6
DA:177,7
DA:181,2
DA:185,1
DA:186,1
DA:187,1
DA:188,1
DA:189,1
DA:194,1
DA:195,1
DA:196,1
DA:197,1
DA:198,1
DA:199,1
DA:203,1
DA:204,1
DA:205,1
DA:209,0
DA:210,0
DA:211,0
DA:215,0
DA:216,0
DA:221,1
DA:222,1
DA:223,1
DA:224,1
DA:225,1
DA:226,1
DA:230,0
DA:231,0
DA:236,1
DA:237,1
DA:238,1
DA:242,1
DA:243,1
DA:244,1
DA:245,1
DA:246,1
DA:247,1
DA:248,1
DA:251,1
LF:124
LH:99
BRDA:45,0,0,0
BRDA:45,0,1,8
BRDA:45,1,0,8
BRDA:45,1,1,7
BRDA:76,2,0,0
BRDA:76,2,1,0
BRDA:98,3,0,0
BRDA:98,3,1,0
BRDA:103,4,0,1
BRDA:103,4,1,7
BRDA:103,5,0,8
BRDA:103,5,1,1
BRDA:106,6,0,1
BRDA:106,6,1,6
BRDA:106,7,0,7
BRDA:106,7,1,1
BRDA:109,8,0,1
BRDA:109,8,1,5
BRDA:109,9,0,6
BRDA:109,9,1,1
BRDA:113,10,0,1
BRDA:113,10,1,4
BRDA:113,11,0,5
BRDA:113,11,1,1
BRDA:116,12,0,1
BRDA:116,12,1,3
BRDA:116,13,0,4
BRDA:116,13,1,1
BRDA:119,14,0,1
BRDA:119,14,1,2
BRDA:119,15,0,3
BRDA:119,15,1,1
BRDA:124,16,0,1
BRDA:124,16,1,1
BRDA:124,17,0,2
BRDA:124,17,1,1
BRDA:127,18,0,1
BRDA:127,18,1,0
BRDA:127,19,0,1
BRDA:127,19,1,1
BRDA:157,20,0,1
BRDA:157,20,1,1
BRDA:161,21,0,5
BRDA:161,21,1,3
BRDA:161,21,2,2
BRDA:165,22,0,4
BRDA:165,22,1,2
BRDA:165,22,2,1
BRDA:169,23,0,3
BRDA:169,23,1,1
BRDA:173,24,0,6
BRDA:173,24,1,1
BRDA:215,25,0,0
BRDA:215,25,1,0
BRDA:215,26,0,0
BRDA:215,26,1,0
BRDA:230,27,0,0
BRDA:230,27,1,0
BRF:58
BRH:46
end_of_record
